<?xml version="1.0" encoding="UTF-8"?>
<!-- Generated by org.testng.reporters.JUnitXMLReporter -->
<testsuite ignored="1" hostname="Jose-Mendez-MacBook-Pro.local" failures="0" tests="1" name="Login Functionality-Chrome" time="10.318" errors="0" timestamp="2020-06-30T22:37:04 CST">
  <testcase classname="TestAccount" name="testLoginSuccessful" time="1.937"/>
  <testcase classname="TestAccount" name="testLoginUnsuccessful" time="0.0">
    <ignored/>
  </testcase> <!-- testLoginUnsuccessful -->
</testsuite> <!-- Login Functionality-Chrome -->
