<?xml version="1.0" encoding="UTF-8"?>
<!-- Generated by org.testng.reporters.JUnitXMLReporter -->
<testsuite ignored="1" hostname="Jose-Mendez-MacBook-Pro.local" failures="1" tests="1" name="Login Functionality - Chrome" time="5.27" errors="0" timestamp="2020-06-30T23:32:08 CST">
  <testcase classname="TestAccount" name="Test_Login_Successful" time="5.077">
    <failure type="java.lang.NullPointerException">
      <![CDATA[java.lang.NullPointerException
at TestAccount.Test_Login_Successful(TestAccount.java:21)
at java.base/java.util.ArrayList.forEach(ArrayList.java:1507)
... Removed 31 stack frames]]>
    </failure>
  </testcase> <!-- Test_Login_Successful -->
  <testcase classname="TestAccount" name="Test_Login_Unsuccessful" time="0.0">
    <ignored/>
  </testcase> <!-- Test_Login_Unsuccessful -->
</testsuite> <!-- Login Functionality - Chrome -->
