<?xml version="1.0" encoding="UTF-8"?>
<!-- Generated by org.testng.reporters.JUnitXMLReporter -->
<testsuite ignored="1" hostname="Jose-Mendez-MacBook-Pro.local" failures="1" tests="1" name="Login Functionality - Firefox" time="0.007" errors="0" timestamp="2020-06-30T23:32:08 CST">
  <testcase classname="BaseClass" name="@AfterMethod tearDownMethod" time="0.0">
    <failure type="java.lang.NullPointerException">
      <![CDATA[java.lang.NullPointerException
at BaseClass.TakeScreenshot(BaseClass.java:83)
at BaseClass.tearDownMethod(BaseClass.java:53)
at java.base/java.util.ArrayList.forEach(ArrayList.java:1507)
... Removed 36 stack frames]]>
    </failure>
  </testcase> <!-- @AfterMethod tearDownMethod -->
  <testcase classname="TestAccount" name="Test_Login_Unsuccessful" time="0.001">
    <failure type="java.lang.NullPointerException">
      <![CDATA[java.lang.NullPointerException
at TestAccount.Test_Login_Unsuccessful(TestAccount.java:47)
at java.base/java.util.ArrayList.forEach(ArrayList.java:1507)
... Removed 31 stack frames]]>
    </failure>
  </testcase> <!-- Test_Login_Unsuccessful -->
  <testcase classname="TestAccount" name="Test_Login_Successful" time="0.0">
    <ignored/>
  </testcase> <!-- Test_Login_Successful -->
</testsuite> <!-- Login Functionality - Firefox -->
