<?xml version="1.0" encoding="UTF-8"?>
<!-- Generated by org.testng.reporters.JUnitXMLReporter -->
<testsuite ignored="2" hostname="Jose-Mendez-MacBook-Pro.local" failures="0" tests="1" name="Login Functionality" time="11.132" errors="0" timestamp="2020-06-30T21:29:41 CST">
  <testcase classname="DemoAccount" name="dragAndDrop" time="5.476"/>
  <testcase classname="DemoAccount" name="test_capabilities" time="0.0">
    <ignored/>
  </testcase> <!-- test_capabilities -->
  <testcase classname="DemoAccount" name="test_waits" time="0.0">
    <ignored/>
  </testcase> <!-- test_waits -->
</testsuite> <!-- Login Functionality -->
